<?xml version="1.0" encoding="UTF-8"?>
<!-- Generated by org.testng.reporters.JUnitXMLReporter -->
<testsuite hostname="DESKTOP-5BDCR5P" ignored="0" name="Regression Test" tests="5" failures="0" timestamp="2022-12-13T20:59:39 GMT" time="53.789" errors="0">
  <testcase name="bankManagerShouldAddCustomerSuccessfully" time="1.619" classname="com.xyz.bank.testsuite.BankTest"/>
  <testcase name="bankManagerShouldOpenAccountSuccessfully" time="4.063" classname="com.xyz.bank.testsuite.BankTest"/>
  <testcase name="customerShouldDepositMoneySuccessfully" time="5.432" classname="com.xyz.bank.testsuite.BankTest"/>
  <testcase name="customerShouldLoginAndLogoutSuceessfully" time="4.136" classname="com.xyz.bank.testsuite.BankTest"/>
  <testcase name="customerShouldWithdrawMoneySuccessfully" time="8.632" classname="com.xyz.bank.testsuite.BankTest"/>
</testsuite> <!-- Regression Test -->
